<?xml version="1.0" encoding="UTF-8"?>
<!-- Generated by org.testng.reporters.JUnitReportReporter -->
<testsuite hostname="A900HO_L_A9687" failures="0" tests="1" name="AmazonXpathCart.AmazonCartXpath" time="9.177" errors="0" timestamp="2021-09-16T00:23:26 IST" skipped="0">
  <testcase classname="AmazonXpathCart.AmazonCartXpath" name="Test1" time="9.177"/>
  <system-out/>
</testsuite> <!-- AmazonXpathCart.AmazonCartXpath -->
