<?xml version="1.0" encoding="UTF-8"?>
<!-- Generated by org.testng.reporters.JUnitReportReporter -->
<testsuite hostname="A900HO_L_A9687" failures="0" tests="4" name="addressTestCases.AddressTest" time="16.159" errors="0" timestamp="2021-10-07T14:36:15 IST" skipped="0">
  <testcase classname="addressTestCases.AddressTest" name="deleteAddress" time="3.636"/>
  <system-out/>
  <testcase classname="addressTestCases.AddressTest" name="createAddressTest" time="2.466"/>
  <system-out/>
  <testcase classname="addressTestCases.AddressTest" name="getAddressTest" time="2.638"/>
  <system-out/>
  <testcase classname="addressTestCases.AddressTest" name="updateAddressTest" time="7.419"/>
  <system-out/>
</testsuite> <!-- addressTestCases.AddressTest -->
